[19:49:50] [main/INFO]: Setting user: Player311
[19:49:52] [Client thread/INFO]: LWJGL Version: 2.9.1
[19:50:01] [Client thread/INFO]: Reloading ResourceManager: Default, FMLFileResourcePack:Forge Mod Loader, FMLFileResourcePack:Minecraft Forge, FMLFileResourcePack:Not Enough Items, FMLFileResourcePack:Lets Mod Reboot, FMLFileResourcePack:Greg-API, FMLFileResourcePack:Greg-API-Post, FMLFileResourcePack:GregTech, FMLFileResourcePack:IndustrialCraft 2, FMLFileResourcePack:Greg's SG Craft
[19:50:06] [Sound Library Loader/INFO]: Sound engine started
[19:50:06] [Client thread/INFO]: Created: 16x16 textures/blocks-atlas
[19:50:06] [Client thread/INFO]: Created: 16x16 textures/items-atlas
[19:50:15] [Client thread/INFO]: Reloading ResourceManager: Default, FMLFileResourcePack:Forge Mod Loader, FMLFileResourcePack:Minecraft Forge, FMLFileResourcePack:Not Enough Items, FMLFileResourcePack:Lets Mod Reboot, FMLFileResourcePack:Greg-API, FMLFileResourcePack:Greg-API-Post, FMLFileResourcePack:GregTech, FMLFileResourcePack:IndustrialCraft 2, FMLFileResourcePack:Greg's SG Craft
[19:50:18] [Client thread/INFO]: Created: 2048x2048 textures/blocks-atlas
[19:50:20] [Client thread/INFO]: Created: 2048x1024 textures/items-atlas
[19:50:21] [Sound Library Loader/INFO]: Sound engine started
[19:50:29] [Server thread/INFO]: Starting integrated minecraft server version 1.7.10
[19:50:29] [Server thread/INFO]: Generating keypair
[19:50:29] [Server thread/INFO]: Preparing start region for level 0
[19:50:30] [Server thread/INFO]: Changing view distance to 4, from 10
[19:50:30] [Server thread/INFO]: Player311[local:E:2ed03274] logged in with entity id 19 at (309.9400993877342, 6.0, 610.7717556137086)
[19:50:30] [Server thread/INFO]: Player311 joined the game
[19:50:36] [Server thread/INFO]: Saving and pausing game...
[19:50:36] [Server thread/INFO]: Saving chunks for level 'pyra'/Overworld
[19:50:36] [Server thread/INFO]: Saving chunks for level 'pyra'/Nether
[19:50:36] [Server thread/INFO]: Saving chunks for level 'pyra'/The End
[19:56:27] [Server thread/INFO]: Player311 has just earned the achievement [Taking Inventory]
[19:56:28] [Client thread/INFO]: [CHAT] Player311 has just earned the achievement [Taking Inventory]
[20:16:49] [Server thread/INFO]: Saving and pausing game...
[20:16:49] [Server thread/INFO]: Saving chunks for level 'pyra'/Overworld
[20:16:49] [Server thread/INFO]: Saving chunks for level 'pyra'/Nether
[20:16:49] [Server thread/INFO]: Saving chunks for level 'pyra'/The End
[20:17:04] [Server thread/INFO]: Saving and pausing game...
[20:17:04] [Server thread/INFO]: Saving chunks for level 'pyra'/Overworld
[20:17:04] [Server thread/INFO]: Saving chunks for level 'pyra'/Nether
[20:17:04] [Server thread/INFO]: Saving chunks for level 'pyra'/The End
[20:18:05] [Server thread/INFO]: Saving and pausing game...
[20:18:05] [Server thread/INFO]: Saving chunks for level 'pyra'/Overworld
[20:18:05] [Server thread/INFO]: Saving chunks for level 'pyra'/Nether
[20:18:05] [Server thread/INFO]: Saving chunks for level 'pyra'/The End
[20:18:18] [Server thread/INFO]: Saving and pausing game...
[20:18:18] [Server thread/INFO]: Saving chunks for level 'pyra'/Overworld
[20:18:18] [Server thread/INFO]: Saving chunks for level 'pyra'/Nether
[20:18:18] [Server thread/INFO]: Saving chunks for level 'pyra'/The End
[20:19:41] [Server thread/INFO]: Saving and pausing game...
[20:19:41] [Server thread/INFO]: Saving chunks for level 'pyra'/Overworld
[20:19:41] [Server thread/INFO]: Saving chunks for level 'pyra'/Nether
[20:19:41] [Server thread/INFO]: Saving chunks for level 'pyra'/The End
[20:25:27] [Server thread/INFO]: Saving and pausing game...
[20:25:27] [Server thread/INFO]: Saving chunks for level 'pyra'/Overworld
[20:25:27] [Server thread/INFO]: Saving chunks for level 'pyra'/Nether
[20:25:27] [Server thread/INFO]: Saving chunks for level 'pyra'/The End
[20:59:00] [Server thread/INFO]: Saving and pausing game...
[20:59:00] [Server thread/INFO]: Saving chunks for level 'pyra'/Overworld
[20:59:00] [Server thread/INFO]: Saving chunks for level 'pyra'/Nether
[20:59:00] [Server thread/INFO]: Saving chunks for level 'pyra'/The End
[21:12:32] [Server thread/INFO]: Saving and pausing game...
[21:12:32] [Server thread/INFO]: Saving chunks for level 'pyra'/Overworld
[21:12:32] [Server thread/INFO]: Saving chunks for level 'pyra'/Nether
[21:12:32] [Server thread/INFO]: Saving chunks for level 'pyra'/The End
[21:37:15] [Server thread/INFO]: Saving and pausing game...
[21:37:15] [Server thread/INFO]: Saving chunks for level 'pyra'/Overworld
[21:37:15] [Server thread/INFO]: Saving chunks for level 'pyra'/Nether
[21:37:15] [Server thread/INFO]: Saving chunks for level 'pyra'/The End
[22:16:37] [Server thread/INFO]: Saving and pausing game...
[22:16:37] [Server thread/INFO]: Saving chunks for level 'pyra'/Overworld
[22:16:37] [Server thread/INFO]: Saving chunks for level 'pyra'/Nether
[22:16:37] [Server thread/INFO]: Saving chunks for level 'pyra'/The End
[22:22:24] [Server thread/INFO]: Saving and pausing game...
[22:22:24] [Server thread/INFO]: Saving chunks for level 'pyra'/Overworld
[22:22:24] [Server thread/INFO]: Saving chunks for level 'pyra'/Nether
[22:22:24] [Server thread/INFO]: Saving chunks for level 'pyra'/The End
[22:22:26] [Server thread/INFO]: Changing view distance to 6, from 4
[22:23:54] [Server thread/INFO]: Saving and pausing game...
[22:23:54] [Server thread/INFO]: Saving chunks for level 'pyra'/Overworld
[22:23:54] [Server thread/INFO]: Saving chunks for level 'pyra'/Nether
[22:23:54] [Server thread/INFO]: Saving chunks for level 'pyra'/The End
[22:30:06] [Server thread/INFO]: Saving and pausing game...
[22:30:06] [Server thread/INFO]: Saving chunks for level 'pyra'/Overworld
[22:30:06] [Server thread/INFO]: Saving chunks for level 'pyra'/Nether
[22:30:06] [Server thread/INFO]: Saving chunks for level 'pyra'/The End
[22:30:13] [Server thread/INFO]: Changing view distance to 8, from 6
[22:35:07] [Server thread/INFO]: [Player311: Given [Material Dictionary] * 1 to Player311]
[22:35:07] [Client thread/INFO]: [CHAT] Given [Material Dictionary] * 1 to Player311
[22:35:10] [Server thread/INFO]: Saving and pausing game...
[22:35:10] [Server thread/INFO]: Saving chunks for level 'pyra'/Overworld
[22:35:10] [Server thread/INFO]: Saving chunks for level 'pyra'/Nether
[22:35:10] [Server thread/INFO]: Saving chunks for level 'pyra'/The End
[22:42:35] [Server thread/INFO]: Saving and pausing game...
[22:42:35] [Server thread/INFO]: Saving chunks for level 'pyra'/Overworld
[22:42:35] [Server thread/INFO]: Saving chunks for level 'pyra'/Nether
[22:42:35] [Server thread/INFO]: Saving chunks for level 'pyra'/The End
[22:43:05] [Server thread/INFO]: Saving and pausing game...
[22:43:05] [Server thread/INFO]: Saving chunks for level 'pyra'/Overworld
[22:43:05] [Server thread/INFO]: Saving chunks for level 'pyra'/Nether
[22:43:05] [Server thread/INFO]: Saving chunks for level 'pyra'/The End
[22:43:28] [Server thread/INFO]: Saving and pausing game...
[22:43:28] [Server thread/INFO]: Saving chunks for level 'pyra'/Overworld
[22:43:28] [Server thread/INFO]: Saving chunks for level 'pyra'/Nether
[22:43:28] [Server thread/INFO]: Saving chunks for level 'pyra'/The End
[22:46:38] [Server thread/INFO]: Saving and pausing game...
[22:46:38] [Server thread/INFO]: Saving chunks for level 'pyra'/Overworld
[22:46:38] [Server thread/INFO]: Saving chunks for level 'pyra'/Nether
[22:46:38] [Server thread/INFO]: Saving chunks for level 'pyra'/The End
[22:47:02] [Server thread/INFO]: Saving and pausing game...
[22:47:02] [Server thread/INFO]: Saving chunks for level 'pyra'/Overworld
[22:47:02] [Server thread/INFO]: Saving chunks for level 'pyra'/Nether
[22:47:02] [Server thread/INFO]: Saving chunks for level 'pyra'/The End
[22:48:03] [Server thread/INFO]: Saving and pausing game...
[22:48:03] [Server thread/INFO]: Saving chunks for level 'pyra'/Overworld
[22:48:03] [Server thread/INFO]: Saving chunks for level 'pyra'/Nether
[22:48:03] [Server thread/INFO]: Saving chunks for level 'pyra'/The End
[22:48:07] [Server thread/INFO]: Saving and pausing game...
[22:48:07] [Server thread/INFO]: Saving chunks for level 'pyra'/Overworld
[22:48:07] [Server thread/INFO]: Saving chunks for level 'pyra'/Nether
[22:48:07] [Server thread/INFO]: Saving chunks for level 'pyra'/The End
[22:48:26] [Server thread/INFO]: Saving and pausing game...
[22:48:26] [Server thread/INFO]: Saving chunks for level 'pyra'/Overworld
[22:48:26] [Server thread/INFO]: Saving chunks for level 'pyra'/Nether
[22:48:26] [Server thread/INFO]: Saving chunks for level 'pyra'/The End
[23:42:09] [Server thread/INFO]: Stopping server
[23:42:09] [Server thread/INFO]: Saving players
[23:42:09] [Server thread/INFO]: Saving worlds
[23:42:09] [Server thread/INFO]: Saving chunks for level 'pyra'/Overworld
[23:42:09] [Server thread/INFO]: Saving chunks for level 'pyra'/Nether
[23:42:09] [Server thread/INFO]: Saving chunks for level 'pyra'/The End
[23:43:39] [Client thread/INFO]: Connecting to vfye.ddns.net, 25565
[23:45:09] [Client thread/INFO]: Connecting to vfye.ddns.net, 25565
n 1.7.10
[23:36:36] [Server thread/INFO]: Loading properties
[23:36:36] [Server thread/INFO]: Default game type: SURVIVAL
[23:36:36] [Server thread/INFO]: Generating keypair
[23:36:36] [Server thread/INFO]: Starting Minecraft server on *:25565
[23:36:55] [Server thread/WARN]: Failed to load user banlist: 
java.io.FileNotFoundException: banned-players.json (The system cannot find the file specified)
	at java.io.FileInputStream.open0(Native Method) ~[?:1.8.0_112]
	at java.io.FileInputStream.open(FileInputStream.java:195) ~[?:1.8.0_112]
	at java.io.FileInputStream.<init>(FileInputStream.java:138) ~[?:1.8.0_112]
	at com.google.common.io.Files.newReader(Files.java:86) ~[guava-17.0.jar:?]
	at net.minecraft.server.management.UserList.func_152679_g(UserList.java:195) ~[UserList.class:?]
	at net.minecraft.server.dedicated.DedicatedPlayerList.func_152620_y(DedicatedPlayerList.java:124) [DedicatedPlayerList.class:?]
	at net.minecraft.server.dedicated.DedicatedPlayerList.<init>(DedicatedPlayerList.java:31) [DedicatedPlayerList.class:?]
	at net.minecraft.server.dedicated.DedicatedServer.startServer(DedicatedServer.java:214) [DedicatedServer.class:?]
	at net.minecraft.server.MinecraftServer.run(MinecraftServer.java:445) [MinecraftServer.class:?]
	at net.minecraft.server.MinecraftServer$2.run(MinecraftServer.java:752) [MinecraftServer$2.class:?]
[23:36:55] [Server thread/WARN]: Failed to load ip banlist: 
java.io.FileNotFoundException: banned-ips.json (The system cannot find the file specified)
	at java.io.FileInputStream.open0(Native Method) ~[?:1.8.0_112]
	at java.io.FileInputStream.open(FileInputStream.java:195) ~[?:1.8.0_112]
	at java.io.FileInputStream.<init>(FileInputStream.java:138) ~[?:1.8.0_112]
	at com.google.common.io.Files.newReader(Files.java:86) ~[guava-17.0.jar:?]
	at net.minecraft.server.management.UserList.func_152679_g(UserList.java:195) ~[UserList.class:?]
	at net.minecraft.server.dedicated.DedicatedPlayerList.func_152619_x(DedicatedPlayerList.java:112) [DedicatedPlayerList.class:?]
	at net.minecraft.server.dedicated.DedicatedPlayerList.<init>(DedicatedPlayerList.java:33) [DedicatedPlayerList.class:?]
	at net.minecraft.server.dedicated.DedicatedServer.startServer(DedicatedServer.java:214) [DedicatedServer.class:?]
	at net.minecraft.server.MinecraftServer.run(MinecraftServer.java:445) [MinecraftServer.class:?]
	at net.minecraft.server.MinecraftServer$2.run(MinecraftServer.java:752) [MinecraftServer$2.class:?]
[23:36:55] [Server thread/WARN]: Failed to load operators list: 
java.io.FileNotFoundException: ops.json (The system cannot find the file specified)
	at java.io.FileInputStream.open0(Native Method) ~[?:1.8.0_112]
	at java.io.FileInputStream.open(FileInputStream.java:195) ~[?:1.8.0_112]
	at java.io.FileInputStream.<init>(FileInputStream.java:138) ~[?:1.8.0_112]
	at com.google.common.io.Files.newReader(Files.java:86) ~[guava-17.0.jar:?]
	at net.minecraft.server.management.UserList.func_152679_g(UserList.java:195) ~[UserList.class:?]
	at net.minecraft.server.dedicated.DedicatedPlayerList.loadOpsList(DedicatedPlayerList.java:136) [DedicatedPlayerList.class:?]
	at net.minecraft.server.dedicated.DedicatedPlayerList.<init>(DedicatedPlayerList.java:35) [DedicatedPlayerList.class:?]
	at net.minecraft.server.dedicated.DedicatedServer.startServer(DedicatedServer.java:214) [DedicatedServer.class:?]
	at net.minecraft.server.MinecraftServer.run(MinecraftServer.java:445) [MinecraftServer.class:?]
	at net.minecraft.server.MinecraftServer$2.run(MinecraftServer.java:752) [MinecraftServer$2.class:?]
[23:36:55] [Server thread/WARN]: Failed to load white-list: 
java.io.FileNotFoundException: whitelist.json (The system cannot find the file specified)
	at java.io.FileInputStream.open0(Native Method) ~[?:1.8.0_112]
	at java.io.FileInputStream.open(FileInputStream.java:195) ~[?:1.8.0_112]
	at java.io.FileInputStream.<init>(FileInputStream.java:138) ~[?:1.8.0_112]
	at com.google.common.io.Files.newReader(Files.java:86) ~[guava-17.0.jar:?]
	at net.minecraft.server.management.UserList.func_152679_g(UserList.java:195) ~[UserList.class:?]
	at net.minecraft.server.dedicated.DedicatedPlayerList.readWhiteList(DedicatedPlayerList.java:160) [DedicatedPlayerList.class:?]
	at net.minecraft.server.dedicated.DedicatedPlayerList.<init>(DedicatedPlayerList.java:36) [DedicatedPlayerList.class:?]
	at net.minecraft.server.dedicated.DedicatedServer.startServer(DedicatedServer.java:214) [DedicatedServer.class:?]
	at net.minecraft.server.MinecraftServer.run(MinecraftServer.java:445) [MinecraftServer.class:?]
	at net.minecraft.server.MinecraftServer$2.run(MinecraftServer.java:752) [MinecraftServer$2.class:?]
[23:36:55] [Server thread/INFO]: Preparing level "world"
[23:36:56] [Server thread/INFO]: Preparing start region for level 0
[23:36:58] [Server thread/INFO]: Preparing spawn area: 5%
[23:36:59] [Server thread/INFO]: Preparing spawn area: 13%
[23:37:00] [Server thread/INFO]: Preparing spawn area: 23%
[23:37:01] [Server thread/INFO]: Preparing spawn area: 35%
[23:37:03] [Server thread/INFO]: Preparing spawn area: 44%
[23:37:04] [Server thread/INFO]: Preparing spawn area: 47%
[23:37:05] [Server thread/INFO]: Preparing spawn area: 60%
[23:37:06] [Server thread/INFO]: Preparing spawn area: 68%
[23:37:07] [Server thread/INFO]: Preparing spawn area: 74%
[23:37:08] [Server thread/INFO]: Preparing spawn area: 84%
[23:37:10] [Server thread/INFO]: Preparing spawn area: 94%
[23:37:10] [Server thread/INFO]: Done (14.746s)! For help, type "help" or "?"
[23:39:04] [Server thread/INFO]: Stopping server
[23:39:04] [Server thread/INFO]: Saving players
[23:39:04] [Server thread/INFO]: Saving worlds
[23:39:04] [Server thread/INFO]: Saving chunks for level 'world'/Overworld
[23:39:04] [Server thread/INFO]: Saving chunks for level 'world'/Nether
[23:39:04] [Server thread/INFO]: Saving chunks for level 'world'/The End
[23:42:17] [Server thread/INFO]: Starting minecraft server version 1.7.10
[23:42:37] [Server thread/INFO]: Loading properties
[23:42:37] [Server thread/INFO]: Default game type: SURVIVAL
[23:42:37] [Server thread/INFO]: Generating keypair
[23:42:37] [Server thread/INFO]: Starting Minecraft server on *:25565
[23:42:56] [Server thread/INFO]: Preparing level "saves/pyra"
[23:42:56] [Server thread/INFO]: Preparing start region for level 0
[23:42:57] [Server thread/INFO]: Preparing spawn area: 38%
[23:42:57] [Server thread/INFO]: Done (1.343s)! For help, type "help" or "?"
[23:43:41] [Server thread/INFO]: com.mojang.authlib.GameProfile@105a68c1[id=<null>,name=Player311,properties={},legacy=false] (/47.32.131.209:58129) lost connection: Disconnected
[23:44:14] [Server thread/INFO]: Stopping the server
[23:44:14] [Server thread/INFO]: Stopping server
[23:44:14] [Server thread/INFO]: Saving players
[23:44:14] [Server thread/INFO]: Saving worlds
[23:44:14] [Server thread/INFO]: Saving chunks for level 'saves/pyra'/Overworld
[23:44:14] [Server thread/INFO]: Saving chunks for level 'saves/pyra'/Nether
[23:44:14] [Server thread/INFO]: Saving chunks for level 'saves/pyra'/The End
[23:44:25] [Server thread/INFO]: Starting minecraft server version 1.7.10
[23:44:44] [Server thread/INFO]: Loading properties
[23:44:44] [Server thread/INFO]: Default game type: CREATIVE
[23:44:44] [Server thread/INFO]: Generating keypair
[23:44:44] [Server thread/INFO]: Starting Minecraft server on *:25565
[23:44:45] [Server thread/WARN]: **** SERVER IS RUNNING IN OFFLINE/INSECURE MODE!
[23:44:45] [Server thread/WARN]: The server will make no attempt to authenticate usernames. Beware.
[23:44:45] [Server thread/WARN]: While this makes the game possible to play without internet access, it also opens up the ability for hackers to connect with any username they choose.
[23:44:45] [Server thread/WARN]: To change this, set "online-mode" to "true" in the server.properties file.
[23:45:02] [Server thread/INFO]: Preparing level "saves/pyra"
[23:45:03] [Server thread/INFO]: Preparing start region for level 0
[23:45:03] [Server thread/INFO]: Done (1.302s)! For help, type "help" or "?"
[23:45:10] [Server thread/INFO]: Player311[/47.32.131.209:58245] logged in with entity id 17 at (297.2879194317118, 17.0, 602.3701490088324)
[23:45:10] [Server thread/INFO]: Player311 joined the game
