[19:49:50] [main/INFO]: Setting user: Player311
[19:49:52] [Client thread/INFO]: LWJGL Version: 2.9.1
[19:50:01] [Client thread/INFO]: Reloading ResourceManager: Default, FMLFileResourcePack:Forge Mod Loader, FMLFileResourcePack:Minecraft Forge, FMLFileResourcePack:Not Enough Items, FMLFileResourcePack:Lets Mod Reboot, FMLFileResourcePack:Greg-API, FMLFileResourcePack:Greg-API-Post, FMLFileResourcePack:GregTech, FMLFileResourcePack:IndustrialCraft 2, FMLFileResourcePack:Greg's SG Craft
[19:50:06] [Sound Library Loader/INFO]: Sound engine started
[19:50:06] [Client thread/INFO]: Created: 16x16 textures/blocks-atlas
[19:50:06] [Client thread/INFO]: Created: 16x16 textures/items-atlas
[19:50:15] [Client thread/INFO]: Reloading ResourceManager: Default, FMLFileResourcePack:Forge Mod Loader, FMLFileResourcePack:Minecraft Forge, FMLFileResourcePack:Not Enough Items, FMLFileResourcePack:Lets Mod Reboot, FMLFileResourcePack:Greg-API, FMLFileResourcePack:Greg-API-Post, FMLFileResourcePack:GregTech, FMLFileResourcePack:IndustrialCraft 2, FMLFileResourcePack:Greg's SG Craft
[19:50:18] [Client thread/INFO]: Created: 2048x2048 textures/blocks-atlas
[19:50:20] [Client thread/INFO]: Created: 2048x1024 textures/items-atlas
[19:50:21] [Sound Library Loader/INFO]: Sound engine started
[19:50:29] [Server thread/INFO]: Starting integrated minecraft server version 1.7.10
[19:50:29] [Server thread/INFO]: Generating keypair
[19:50:29] [Server thread/INFO]: Preparing start region for level 0
[19:50:30] [Server thread/INFO]: Changing view distance to 4, from 10
[19:50:30] [Server thread/INFO]: Player311[local:E:2ed03274] logged in with entity id 19 at (309.9400993877342, 6.0, 610.7717556137086)
[19:50:30] [Server thread/INFO]: Player311 joined the game
[19:50:36] [Server thread/INFO]: Saving and pausing game...
[19:50:36] [Server thread/INFO]: Saving chunks for level 'pyra'/Overworld
[19:50:36] [Server thread/INFO]: Saving chunks for level 'pyra'/Nether
[19:50:36] [Server thread/INFO]: Saving chunks for level 'pyra'/The End
[19:56:27] [Server thread/INFO]: Player311 has just earned the achievement [Taking Inventory]
[19:56:28] [Client thread/INFO]: [CHAT] Player311 has just earned the achievement [Taking Inventory]
[20:16:49] [Server thread/INFO]: Saving and pausing game...
[20:16:49] [Server thread/INFO]: Saving chunks for level 'pyra'/Overworld
[20:16:49] [Server thread/INFO]: Saving chunks for level 'pyra'/Nether
[20:16:49] [Server thread/INFO]: Saving chunks for level 'pyra'/The End
[20:17:04] [Server thread/INFO]: Saving and pausing game...
[20:17:04] [Server thread/INFO]: Saving chunks for level 'pyra'/Overworld
[20:17:04] [Server thread/INFO]: Saving chunks for level 'pyra'/Nether
[20:17:04] [Server thread/INFO]: Saving chunks for level 'pyra'/The End
[20:18:05] [Server thread/INFO]: Saving and pausing game...
[20:18:05] [Server thread/INFO]: Saving chunks for level 'pyra'/Overworld
[20:18:05] [Server thread/INFO]: Saving chunks for level 'pyra'/Nether
[20:18:05] [Server thread/INFO]: Saving chunks for level 'pyra'/The End
[20:18:18] [Server thread/INFO]: Saving and pausing game...
[20:18:18] [Server thread/INFO]: Saving chunks for level 'pyra'/Overworld
[20:18:18] [Server thread/INFO]: Saving chunks for level 'pyra'/Nether
[20:18:18] [Server thread/INFO]: Saving chunks for level 'pyra'/The End
[20:19:41] [Server thread/INFO]: Saving and pausing game...
[20:19:41] [Server thread/INFO]: Saving chunks for level 'pyra'/Overworld
[20:19:41] [Server thread/INFO]: Saving chunks for level 'pyra'/Nether
[20:19:41] [Server thread/INFO]: Saving chunks for level 'pyra'/The End
[20:25:27] [Server thread/INFO]: Saving and pausing game...
[20:25:27] [Server thread/INFO]: Saving chunks for level 'pyra'/Overworld
[20:25:27] [Server thread/INFO]: Saving chunks for level 'pyra'/Nether
[20:25:27] [Server thread/INFO]: Saving chunks for level 'pyra'/The End
[20:59:00] [Server thread/INFO]: Saving and pausing game...
[20:59:00] [Server thread/INFO]: Saving chunks for level 'pyra'/Overworld
[20:59:00] [Server thread/INFO]: Saving chunks for level 'pyra'/Nether
[20:59:00] [Server thread/INFO]: Saving chunks for level 'pyra'/The End
[21:12:32] [Server thread/INFO]: Saving and pausing game...
[21:12:32] [Server thread/INFO]: Saving chunks for level 'pyra'/Overworld
[21:12:32] [Server thread/INFO]: Saving chunks for level 'pyra'/Nether
[21:12:32] [Server thread/INFO]: Saving chunks for level 'pyra'/The End
[21:37:15] [Server thread/INFO]: Saving and pausing game...
[21:37:15] [Server thread/INFO]: Saving chunks for level 'pyra'/Overworld
[21:37:15] [Server thread/INFO]: Saving chunks for level 'pyra'/Nether
[21:37:15] [Server thread/INFO]: Saving chunks for level 'pyra'/The End
[22:16:37] [Server thread/INFO]: Saving and pausing game...
[22:16:37] [Server thread/INFO]: Saving chunks for level 'pyra'/Overworld
[22:16:37] [Server thread/INFO]: Saving chunks for level 'pyra'/Nether
[22:16:37] [Server thread/INFO]: Saving chunks for level 'pyra'/The End
[22:22:24] [Server thread/INFO]: Saving and pausing game...
[22:22:24] [Server thread/INFO]: Saving chunks for level 'pyra'/Overworld
[22:22:24] [Server thread/INFO]: Saving chunks for level 'pyra'/Nether
[22:22:24] [Server thread/INFO]: Saving chunks for level 'pyra'/The End
[22:22:26] [Server thread/INFO]: Changing view distance to 6, from 4
[22:23:54] [Server thread/INFO]: Saving and pausing game...
[22:23:54] [Server thread/INFO]: Saving chunks for level 'pyra'/Overworld
[22:23:54] [Server thread/INFO]: Saving chunks for level 'pyra'/Nether
[22:23:54] [Server thread/INFO]: Saving chunks for level 'pyra'/The End
[22:30:06] [Server thread/INFO]: Saving and pausing game...
[22:30:06] [Server thread/INFO]: Saving chunks for level 'pyra'/Overworld
[22:30:06] [Server thread/INFO]: Saving chunks for level 'pyra'/Nether
[22:30:06] [Server thread/INFO]: Saving chunks for level 'pyra'/The End
[22:30:13] [Server thread/INFO]: Changing view distance to 8, from 6
[22:35:07] [Server thread/INFO]: [Player311: Given [Material Dictionary] * 1 to Player311]
[22:35:07] [Client thread/INFO]: [CHAT] Given [Material Dictionary] * 1 to Player311
[22:35:10] [Server thread/INFO]: Saving and pausing game...
[22:35:10] [Server thread/INFO]: Saving chunks for level 'pyra'/Overworld
[22:35:10] [Server thread/INFO]: Saving chunks for level 'pyra'/Nether
[22:35:10] [Server thread/INFO]: Saving chunks for level 'pyra'/The End
[22:42:35] [Server thread/INFO]: Saving and pausing game...
[22:42:35] [Server thread/INFO]: Saving chunks for level 'pyra'/Overworld
[22:42:35] [Server thread/INFO]: Saving chunks for level 'pyra'/Nether
[22:42:35] [Server thread/INFO]: Saving chunks for level 'pyra'/The End
[22:43:05] [Server thread/INFO]: Saving and pausing game...
[22:43:05] [Server thread/INFO]: Saving chunks for level 'pyra'/Overworld
[22:43:05] [Server thread/INFO]: Saving chunks for level 'pyra'/Nether
[22:43:05] [Server thread/INFO]: Saving chunks for level 'pyra'/The End
[22:43:28] [Server thread/INFO]: Saving and pausing game...
[22:43:28] [Server thread/INFO]: Saving chunks for level 'pyra'/Overworld
[22:43:28] [Server thread/INFO]: Saving chunks for level 'pyra'/Nether
[22:43:28] [Server thread/INFO]: Saving chunks for level 'pyra'/The End
[22:46:38] [Server thread/INFO]: Saving and pausing game...
[22:46:38] [Server thread/INFO]: Saving chunks for level 'pyra'/Overworld
[22:46:38] [Server thread/INFO]: Saving chunks for level 'pyra'/Nether
[22:46:38] [Server thread/INFO]: Saving chunks for level 'pyra'/The End
[22:47:02] [Server thread/INFO]: Saving and pausing game...
[22:47:02] [Server thread/INFO]: Saving chunks for level 'pyra'/Overworld
[22:47:02] [Server thread/INFO]: Saving chunks for level 'pyra'/Nether
[22:47:02] [Server thread/INFO]: Saving chunks for level 'pyra'/The End
[22:48:03] [Server thread/INFO]: Saving and pausing game...
[22:48:03] [Server thread/INFO]: Saving chunks for level 'pyra'/Overworld
[22:48:03] [Server thread/INFO]: Saving chunks for level 'pyra'/Nether
[22:48:03] [Server thread/INFO]: Saving chunks for level 'pyra'/The End
[22:48:07] [Server thread/INFO]: Saving and pausing game...
[22:48:07] [Server thread/INFO]: Saving chunks for level 'pyra'/Overworld
[22:48:07] [Server thread/INFO]: Saving chunks for level 'pyra'/Nether
[22:48:07] [Server thread/INFO]: Saving chunks for level 'pyra'/The End
[22:48:26] [Server thread/INFO]: Saving and pausing game...
[22:48:26] [Server thread/INFO]: Saving chunks for level 'pyra'/Overworld
[22:48:26] [Server thread/INFO]: Saving chunks for level 'pyra'/Nether
[22:48:26] [Server thread/INFO]: Saving chunks for level 'pyra'/The End
