[00:30:05] [main/INFO]: Setting user: Player383
[00:30:07] [Client thread/INFO]: LWJGL Version: 2.9.1
[00:30:15] [Client thread/INFO]: Reloading ResourceManager: Default, FMLFileResourcePack:Forge Mod Loader, FMLFileResourcePack:Minecraft Forge, FMLFileResourcePack:Not Enough Items, FMLFileResourcePack:Lets Mod Reboot
[00:30:16] [Sound Library Loader/INFO]: Sound engine started
[00:30:17] [Client thread/INFO]: Created: 16x16 textures/blocks-atlas
[00:30:17] [Client thread/INFO]: Created: 16x16 textures/items-atlas
[00:30:17] [Client thread/INFO]: Reloading ResourceManager: Default, FMLFileResourcePack:Forge Mod Loader, FMLFileResourcePack:Minecraft Forge, FMLFileResourcePack:Not Enough Items, FMLFileResourcePack:Lets Mod Reboot
[00:30:17] [Client thread/INFO]: Created: 512x256 textures/blocks-atlas
[00:30:17] [Client thread/INFO]: Created: 256x256 textures/items-atlas
[00:30:18] [Sound Library Loader/INFO]: Sound engine started
[00:30:36] [Client thread/INFO]: Deleting level New World
[00:30:36] [Client thread/INFO]: Attempt 1...
[00:30:44] [Server thread/INFO]: Starting integrated minecraft server version 1.7.10
[00:30:44] [Server thread/INFO]: Generating keypair
[00:30:44] [Server thread/INFO]: Converting map!
[00:30:44] [Server thread/INFO]: Scanning folders...
[00:30:44] [Server thread/INFO]: Total conversion count is 0
[00:30:44] [Server thread/INFO]: Preparing start region for level 0
[00:30:45] [Server thread/INFO]: Preparing spawn area: 18%
[00:30:46] [Server thread/INFO]: Preparing spawn area: 40%
[00:30:47] [Server thread/INFO]: Preparing spawn area: 65%
[00:30:48] [Server thread/INFO]: Preparing spawn area: 90%
[00:30:49] [Server thread/INFO]: Changing view distance to 12, from 10
[00:30:50] [Server thread/INFO]: Player383[local:E:28508b53] logged in with entity id 160 at (-8.5, 66.0, 255.5)
[00:30:50] [Server thread/INFO]: Player383 joined the game
[00:30:55] [Server thread/INFO]: Player383 has just earned the achievement [Taking Inventory]
[00:30:56] [Client thread/INFO]: [CHAT] Player383 has just earned the achievement [Taking Inventory]
[00:32:58] [Client thread/INFO]: Warning: Clientside chunk ticking took 113 ms
[00:32:58] [Client thread/INFO]: Warning: Clientside chunk ticking took 108 ms
[00:33:18] [Client thread/INFO]: Warning: Clientside chunk ticking took 114 ms
[00:33:18] [Client thread/INFO]: Warning: Clientside chunk ticking took 114 ms
[00:33:18] [Client thread/INFO]: Warning: Clientside chunk ticking took 113 ms
[00:33:38] [Server thread/INFO]: Saving and pausing game...
[00:33:38] [Server thread/INFO]: Saving chunks for level 'New World'/Overworld
[00:33:38] [Server thread/INFO]: Saving chunks for level 'New World'/Nether
[00:33:38] [Server thread/INFO]: Saving chunks for level 'New World'/The End
[00:36:20] [Client thread/INFO]: Warning: Clientside chunk ticking took 124 ms
[00:36:21] [Client thread/INFO]: Warning: Clientside chunk ticking took 129 ms
[00:36:54] [Client thread/INFO]: Warning: Clientside chunk ticking took 101 ms
[00:37:23] [Server thread/INFO]: Saving and pausing game...
[00:37:23] [Server thread/INFO]: Saving chunks for level 'New World'/Overworld
[00:37:23] [Server thread/INFO]: Saving chunks for level 'New World'/Nether
[00:37:23] [Server thread/INFO]: Saving chunks for level 'New World'/The End
[00:40:16] [Server thread/INFO]: Saving and pausing game...
[00:40:16] [Server thread/INFO]: Saving chunks for level 'New World'/Overworld
[00:40:16] [Server thread/INFO]: Saving chunks for level 'New World'/Nether
[00:40:16] [Server thread/INFO]: Saving chunks for level 'New World'/The End
[00:41:10] [Server thread/INFO]: [Player383: Teleported Player383 to 0.5,100.5,0.5]
[00:41:10] [Client thread/INFO]: [CHAT] Teleported Player383 to 0.5,100.5,0.5
[00:41:24] [Server thread/INFO]: Saving and pausing game...
[00:41:24] [Server thread/INFO]: Saving chunks for level 'New World'/Overworld
[00:41:24] [Server thread/INFO]: Saving chunks for level 'New World'/Nether
[00:41:24] [Server thread/INFO]: Saving chunks for level 'New World'/The End
[00:41:48] [Server thread/INFO]: Stopping server
[00:41:48] [Server thread/INFO]: Saving players
[00:41:48] [Server thread/INFO]: Saving worlds
[00:41:48] [Server thread/INFO]: Saving chunks for level 'New World'/Overworld
[00:41:48] [Server thread/INFO]: Saving chunks for level 'New World'/Nether
[00:41:48] [Server thread/INFO]: Saving chunks for level 'New World'/The End
[00:41:49] [Client thread/INFO]: Stopping!
